C:\USERS\ABUOMAR\DOCUMENTS\VISUAL STUDIO 2010\PROJECTS\TRAIN_TICKET_RESERVATION\DEBUG\TRAIN_TICKET_RESERVATION.EXE
C:\USERS\ABUOMAR\DOCUMENTS\VISUAL STUDIO 2010\PROJECTS\TRAIN_TICKET_RESERVATION\DEBUG\TRAIN_TICKET_RESERVATION.ILK
C:\USERS\ABUOMAR\DOCUMENTS\VISUAL STUDIO 2010\PROJECTS\TRAIN_TICKET_RESERVATION\DEBUG\TRAIN_TICKET_RESERVATION.PDB
C:\USERS\ABUOMAR\DOCUMENTS\VISUAL STUDIO 2010\PROJECTS\TRAIN_TICKET_RESERVATION\TRAIN_TICKET_RESERVATION\DEBUG\.NETFRAMEWORK,VERSION=V4.0.ASSEMBLYATTRIBUTES.OBJ
C:\USERS\ABUOMAR\DOCUMENTS\VISUAL STUDIO 2010\PROJECTS\TRAIN_TICKET_RESERVATION\TRAIN_TICKET_RESERVATION\DEBUG\APP.RES
C:\USERS\ABUOMAR\DOCUMENTS\VISUAL STUDIO 2010\PROJECTS\TRAIN_TICKET_RESERVATION\TRAIN_TICKET_RESERVATION\DEBUG\ASSEMBLYINFO.OBJ
C:\USERS\ABUOMAR\DOCUMENTS\VISUAL STUDIO 2010\PROJECTS\TRAIN_TICKET_RESERVATION\TRAIN_TICKET_RESERVATION\DEBUG\GO AND RETURN.OBJ
C:\USERS\ABUOMAR\DOCUMENTS\VISUAL STUDIO 2010\PROJECTS\TRAIN_TICKET_RESERVATION\TRAIN_TICKET_RESERVATION\DEBUG\GO.OBJ
C:\USERS\ABUOMAR\DOCUMENTS\VISUAL STUDIO 2010\PROJECTS\TRAIN_TICKET_RESERVATION\TRAIN_TICKET_RESERVATION\DEBUG\GO_RETURN.OBJ
C:\USERS\ABUOMAR\DOCUMENTS\VISUAL STUDIO 2010\PROJECTS\TRAIN_TICKET_RESERVATION\TRAIN_TICKET_RESERVATION\DEBUG\STDAFX.OBJ
C:\USERS\ABUOMAR\DOCUMENTS\VISUAL STUDIO 2010\PROJECTS\TRAIN_TICKET_RESERVATION\TRAIN_TICKET_RESERVATION\DEBUG\TRAIN_TICKET_RESERVATION.EXE.INTERMEDIATE.MANIFEST
C:\USERS\ABUOMAR\DOCUMENTS\VISUAL STUDIO 2010\PROJECTS\TRAIN_TICKET_RESERVATION\TRAIN_TICKET_RESERVATION\DEBUG\TRAIN_TICKET_RESERVATION.OBJ
C:\USERS\ABUOMAR\DOCUMENTS\VISUAL STUDIO 2010\PROJECTS\TRAIN_TICKET_RESERVATION\TRAIN_TICKET_RESERVATION\DEBUG\TRAIN_TICKET_RESERVATION.PCH
C:\USERS\ABUOMAR\DOCUMENTS\VISUAL STUDIO 2010\PROJECTS\TRAIN_TICKET_RESERVATION\TRAIN_TICKET_RESERVATION\DEBUG\VC100.PDB
C:\USERS\DELL\DESKTOP\TRAIN_TICKET_RESERVATION\DEBUG\TRAIN_TICKET_RESERVATION.EXE
C:\USERS\DELL\DESKTOP\TRAIN_TICKET_RESERVATION\DEBUG\TRAIN_TICKET_RESERVATION.ILK
C:\USERS\DELL\DESKTOP\TRAIN_TICKET_RESERVATION\DEBUG\TRAIN_TICKET_RESERVATION.PDB
C:\USERS\DELL\DESKTOP\TRAIN_TICKET_RESERVATION\TRAIN_TICKET_RESERVATION\DEBUG\.NETFRAMEWORK,VERSION=V4.0.ASSEMBLYATTRIBUTES.OBJ
C:\USERS\DELL\DESKTOP\TRAIN_TICKET_RESERVATION\TRAIN_TICKET_RESERVATION\DEBUG\APP.RES
C:\USERS\DELL\DESKTOP\TRAIN_TICKET_RESERVATION\TRAIN_TICKET_RESERVATION\DEBUG\ASSEMBLYINFO.OBJ
C:\Users\Dell\Desktop\Train_Ticket_Reservation\Train_Ticket_Reservation\Debug\cl.command.1.tlog
C:\Users\Dell\Desktop\Train_Ticket_Reservation\Train_Ticket_Reservation\Debug\CL.read.1.tlog
C:\Users\Dell\Desktop\Train_Ticket_Reservation\Train_Ticket_Reservation\Debug\CL.write.1.tlog
C:\USERS\DELL\DESKTOP\TRAIN_TICKET_RESERVATION\TRAIN_TICKET_RESERVATION\DEBUG\GO AND RETURN.OBJ
C:\USERS\DELL\DESKTOP\TRAIN_TICKET_RESERVATION\TRAIN_TICKET_RESERVATION\DEBUG\GO.OBJ
C:\USERS\DELL\DESKTOP\TRAIN_TICKET_RESERVATION\TRAIN_TICKET_RESERVATION\DEBUG\GO_RETURN.OBJ
C:\Users\Dell\Desktop\Train_Ticket_Reservation\Train_Ticket_Reservation\Debug\link.1524.read.1.tlog
C:\Users\Dell\Desktop\Train_Ticket_Reservation\Train_Ticket_Reservation\Debug\link.1524.write.1.tlog
C:\Users\Dell\Desktop\Train_Ticket_Reservation\Train_Ticket_Reservation\Debug\link.1524-cvtres.read.1.tlog
C:\Users\Dell\Desktop\Train_Ticket_Reservation\Train_Ticket_Reservation\Debug\link.1524-cvtres.write.1.tlog
C:\Users\Dell\Desktop\Train_Ticket_Reservation\Train_Ticket_Reservation\Debug\link.2976.read.1.tlog
C:\Users\Dell\Desktop\Train_Ticket_Reservation\Train_Ticket_Reservation\Debug\link.2976.write.1.tlog
C:\Users\Dell\Desktop\Train_Ticket_Reservation\Train_Ticket_Reservation\Debug\link.2976-cvtres.read.1.tlog
C:\Users\Dell\Desktop\Train_Ticket_Reservation\Train_Ticket_Reservation\Debug\link.2976-cvtres.write.1.tlog
C:\Users\Dell\Desktop\Train_Ticket_Reservation\Train_Ticket_Reservation\Debug\link.3308.read.1.tlog
C:\Users\Dell\Desktop\Train_Ticket_Reservation\Train_Ticket_Reservation\Debug\link.3308.write.1.tlog
C:\Users\Dell\Desktop\Train_Ticket_Reservation\Train_Ticket_Reservation\Debug\link.3308-cvtres.read.1.tlog
C:\Users\Dell\Desktop\Train_Ticket_Reservation\Train_Ticket_Reservation\Debug\link.3308-cvtres.write.1.tlog
C:\Users\Dell\Desktop\Train_Ticket_Reservation\Train_Ticket_Reservation\Debug\link.340.read.1.tlog
C:\Users\Dell\Desktop\Train_Ticket_Reservation\Train_Ticket_Reservation\Debug\link.340.write.1.tlog
C:\Users\Dell\Desktop\Train_Ticket_Reservation\Train_Ticket_Reservation\Debug\link.340-cvtres.read.1.tlog
C:\Users\Dell\Desktop\Train_Ticket_Reservation\Train_Ticket_Reservation\Debug\link.340-cvtres.write.1.tlog
C:\Users\Dell\Desktop\Train_Ticket_Reservation\Train_Ticket_Reservation\Debug\link.3796.read.1.tlog
C:\Users\Dell\Desktop\Train_Ticket_Reservation\Train_Ticket_Reservation\Debug\link.3796.write.1.tlog
C:\Users\Dell\Desktop\Train_Ticket_Reservation\Train_Ticket_Reservation\Debug\link.3796-cvtres.read.1.tlog
C:\Users\Dell\Desktop\Train_Ticket_Reservation\Train_Ticket_Reservation\Debug\link.3796-cvtres.write.1.tlog
C:\Users\Dell\Desktop\Train_Ticket_Reservation\Train_Ticket_Reservation\Debug\link.5060.read.1.tlog
C:\Users\Dell\Desktop\Train_Ticket_Reservation\Train_Ticket_Reservation\Debug\link.5060.write.1.tlog
C:\Users\Dell\Desktop\Train_Ticket_Reservation\Train_Ticket_Reservation\Debug\link.5060-cvtres.read.1.tlog
C:\Users\Dell\Desktop\Train_Ticket_Reservation\Train_Ticket_Reservation\Debug\link.5060-cvtres.write.1.tlog
C:\Users\Dell\Desktop\Train_Ticket_Reservation\Train_Ticket_Reservation\Debug\link.5228.read.1.tlog
C:\Users\Dell\Desktop\Train_Ticket_Reservation\Train_Ticket_Reservation\Debug\link.5228.write.1.tlog
C:\Users\Dell\Desktop\Train_Ticket_Reservation\Train_Ticket_Reservation\Debug\link.5228-cvtres.read.1.tlog
C:\Users\Dell\Desktop\Train_Ticket_Reservation\Train_Ticket_Reservation\Debug\link.5228-cvtres.write.1.tlog
C:\Users\Dell\Desktop\Train_Ticket_Reservation\Train_Ticket_Reservation\Debug\link.5824.read.1.tlog
C:\Users\Dell\Desktop\Train_Ticket_Reservation\Train_Ticket_Reservation\Debug\link.5824.write.1.tlog
C:\Users\Dell\Desktop\Train_Ticket_Reservation\Train_Ticket_Reservation\Debug\link.5824-cvtres.read.1.tlog
C:\Users\Dell\Desktop\Train_Ticket_Reservation\Train_Ticket_Reservation\Debug\link.5824-cvtres.write.1.tlog
C:\Users\Dell\Desktop\Train_Ticket_Reservation\Train_Ticket_Reservation\Debug\link.5832.read.1.tlog
C:\Users\Dell\Desktop\Train_Ticket_Reservation\Train_Ticket_Reservation\Debug\link.5832.write.1.tlog
C:\Users\Dell\Desktop\Train_Ticket_Reservation\Train_Ticket_Reservation\Debug\link.5832-cvtres.read.1.tlog
C:\Users\Dell\Desktop\Train_Ticket_Reservation\Train_Ticket_Reservation\Debug\link.5832-cvtres.write.1.tlog
C:\Users\Dell\Desktop\Train_Ticket_Reservation\Train_Ticket_Reservation\Debug\link.596.read.1.tlog
C:\Users\Dell\Desktop\Train_Ticket_Reservation\Train_Ticket_Reservation\Debug\link.596.write.1.tlog
C:\Users\Dell\Desktop\Train_Ticket_Reservation\Train_Ticket_Reservation\Debug\link.596-cvtres.read.1.tlog
C:\Users\Dell\Desktop\Train_Ticket_Reservation\Train_Ticket_Reservation\Debug\link.596-cvtres.write.1.tlog
C:\Users\Dell\Desktop\Train_Ticket_Reservation\Train_Ticket_Reservation\Debug\link.6064.read.1.tlog
C:\Users\Dell\Desktop\Train_Ticket_Reservation\Train_Ticket_Reservation\Debug\link.6064.write.1.tlog
C:\Users\Dell\Desktop\Train_Ticket_Reservation\Train_Ticket_Reservation\Debug\link.6064-cvtres.read.1.tlog
C:\Users\Dell\Desktop\Train_Ticket_Reservation\Train_Ticket_Reservation\Debug\link.6064-cvtres.write.1.tlog
C:\Users\Dell\Desktop\Train_Ticket_Reservation\Train_Ticket_Reservation\Debug\link.6108.read.1.tlog
C:\Users\Dell\Desktop\Train_Ticket_Reservation\Train_Ticket_Reservation\Debug\link.6108.write.1.tlog
C:\Users\Dell\Desktop\Train_Ticket_Reservation\Train_Ticket_Reservation\Debug\link.6108-cvtres.read.1.tlog
C:\Users\Dell\Desktop\Train_Ticket_Reservation\Train_Ticket_Reservation\Debug\link.6108-cvtres.write.1.tlog
C:\Users\Dell\Desktop\Train_Ticket_Reservation\Train_Ticket_Reservation\Debug\link.6576.read.1.tlog
C:\Users\Dell\Desktop\Train_Ticket_Reservation\Train_Ticket_Reservation\Debug\link.6576.write.1.tlog
C:\Users\Dell\Desktop\Train_Ticket_Reservation\Train_Ticket_Reservation\Debug\link.6576-cvtres.read.1.tlog
C:\Users\Dell\Desktop\Train_Ticket_Reservation\Train_Ticket_Reservation\Debug\link.6576-cvtres.write.1.tlog
C:\Users\Dell\Desktop\Train_Ticket_Reservation\Train_Ticket_Reservation\Debug\link.6940.read.1.tlog
C:\Users\Dell\Desktop\Train_Ticket_Reservation\Train_Ticket_Reservation\Debug\link.6940.write.1.tlog
C:\Users\Dell\Desktop\Train_Ticket_Reservation\Train_Ticket_Reservation\Debug\link.6940-cvtres.read.1.tlog
C:\Users\Dell\Desktop\Train_Ticket_Reservation\Train_Ticket_Reservation\Debug\link.6940-cvtres.write.1.tlog
C:\Users\Dell\Desktop\Train_Ticket_Reservation\Train_Ticket_Reservation\Debug\link.7024.read.1.tlog
C:\Users\Dell\Desktop\Train_Ticket_Reservation\Train_Ticket_Reservation\Debug\link.7024.write.1.tlog
C:\Users\Dell\Desktop\Train_Ticket_Reservation\Train_Ticket_Reservation\Debug\link.7024-cvtres.read.1.tlog
C:\Users\Dell\Desktop\Train_Ticket_Reservation\Train_Ticket_Reservation\Debug\link.7024-cvtres.write.1.tlog
C:\Users\Dell\Desktop\Train_Ticket_Reservation\Train_Ticket_Reservation\Debug\link.708.read.1.tlog
C:\Users\Dell\Desktop\Train_Ticket_Reservation\Train_Ticket_Reservation\Debug\link.708.write.1.tlog
C:\Users\Dell\Desktop\Train_Ticket_Reservation\Train_Ticket_Reservation\Debug\link.708-cvtres.read.1.tlog
C:\Users\Dell\Desktop\Train_Ticket_Reservation\Train_Ticket_Reservation\Debug\link.708-cvtres.write.1.tlog
C:\Users\Dell\Desktop\Train_Ticket_Reservation\Train_Ticket_Reservation\Debug\link.7096.read.1.tlog
C:\Users\Dell\Desktop\Train_Ticket_Reservation\Train_Ticket_Reservation\Debug\link.7096.write.1.tlog
C:\Users\Dell\Desktop\Train_Ticket_Reservation\Train_Ticket_Reservation\Debug\link.7096-cvtres.read.1.tlog
C:\Users\Dell\Desktop\Train_Ticket_Reservation\Train_Ticket_Reservation\Debug\link.7096-cvtres.write.1.tlog
C:\Users\Dell\Desktop\Train_Ticket_Reservation\Train_Ticket_Reservation\Debug\link.792.read.1.tlog
C:\Users\Dell\Desktop\Train_Ticket_Reservation\Train_Ticket_Reservation\Debug\link.792.write.1.tlog
C:\Users\Dell\Desktop\Train_Ticket_Reservation\Train_Ticket_Reservation\Debug\link.792-cvtres.read.1.tlog
C:\Users\Dell\Desktop\Train_Ticket_Reservation\Train_Ticket_Reservation\Debug\link.792-cvtres.write.1.tlog
C:\Users\Dell\Desktop\Train_Ticket_Reservation\Train_Ticket_Reservation\Debug\link.8000.read.1.tlog
C:\Users\Dell\Desktop\Train_Ticket_Reservation\Train_Ticket_Reservation\Debug\link.8000.write.1.tlog
C:\Users\Dell\Desktop\Train_Ticket_Reservation\Train_Ticket_Reservation\Debug\link.8000-cvtres.read.1.tlog
C:\Users\Dell\Desktop\Train_Ticket_Reservation\Train_Ticket_Reservation\Debug\link.8000-cvtres.write.1.tlog
C:\Users\Dell\Desktop\Train_Ticket_Reservation\Train_Ticket_Reservation\Debug\link.command.1.tlog
C:\Users\Dell\Desktop\Train_Ticket_Reservation\Train_Ticket_Reservation\Debug\link.read.1.tlog
C:\Users\Dell\Desktop\Train_Ticket_Reservation\Train_Ticket_Reservation\Debug\link.write.1.tlog
C:\Users\Dell\Desktop\Train_Ticket_Reservation\Train_Ticket_Reservation\Debug\mt.command.1.tlog
C:\Users\Dell\Desktop\Train_Ticket_Reservation\Train_Ticket_Reservation\Debug\mt.read.1.tlog
C:\Users\Dell\Desktop\Train_Ticket_Reservation\Train_Ticket_Reservation\Debug\mt.write.1.tlog
C:\Users\Dell\Desktop\Train_Ticket_Reservation\Train_Ticket_Reservation\Debug\rc.command.1.tlog
C:\Users\Dell\Desktop\Train_Ticket_Reservation\Train_Ticket_Reservation\Debug\rc.read.1.tlog
C:\Users\Dell\Desktop\Train_Ticket_Reservation\Train_Ticket_Reservation\Debug\rc.write.1.tlog
C:\USERS\DELL\DESKTOP\TRAIN_TICKET_RESERVATION\TRAIN_TICKET_RESERVATION\DEBUG\STDAFX.OBJ
C:\USERS\DELL\DESKTOP\TRAIN_TICKET_RESERVATION\TRAIN_TICKET_RESERVATION\DEBUG\TRAIN_TICKET_RESERVATION.EXE.INTERMEDIATE.MANIFEST
C:\Users\Dell\Desktop\Train_Ticket_Reservation\Train_Ticket_Reservation\Debug\Train_Ticket_Reservation.Form1.resources
C:\Users\Dell\Desktop\Train_Ticket_Reservation\Train_Ticket_Reservation\Debug\Train_Ticket_Reservation.go.resources
C:\Users\Dell\Desktop\Train_Ticket_Reservation\Train_Ticket_Reservation\Debug\Train_Ticket_Reservation.go_return.resources
C:\USERS\DELL\DESKTOP\TRAIN_TICKET_RESERVATION\TRAIN_TICKET_RESERVATION\DEBUG\TRAIN_TICKET_RESERVATION.OBJ
C:\USERS\DELL\DESKTOP\TRAIN_TICKET_RESERVATION\TRAIN_TICKET_RESERVATION\DEBUG\TRAIN_TICKET_RESERVATION.PCH
C:\Users\Dell\Desktop\Train_Ticket_Reservation\Train_Ticket_Reservation\Debug\Train_Ticket_Reservation.vcxproj.GenerateResource.Cache
C:\Users\Dell\Desktop\Train_Ticket_Reservation\Train_Ticket_Reservation\Debug\Train_Ticket_Reservation.vcxprojResolveAssemblyReference.cache
C:\Users\Dell\Desktop\Train_Ticket_Reservation\Train_Ticket_Reservation\Debug\Train_Ticket_Reservation.write.1.tlog
C:\USERS\DELL\DESKTOP\TRAIN_TICKET_RESERVATION\TRAIN_TICKET_RESERVATION\DEBUG\VC100.PDB
